mode: set
github.com/bilte-co/toolshed/internal/cli/aes.go:29.55,33.68 2 0
github.com/bilte-co/toolshed/internal/cli/aes.go:33.68,37.3 3 0
github.com/bilte-co/toolshed/internal/cli/aes.go:39.2,40.16 2 0
github.com/bilte-co/toolshed/internal/cli/aes.go:40.16,43.3 2 0
github.com/bilte-co/toolshed/internal/cli/aes.go:45.2,47.12 3 0
github.com/bilte-co/toolshed/internal/cli/aes.go:57.51,60.16 2 0
github.com/bilte-co/toolshed/internal/cli/aes.go:60.16,63.3 2 0
github.com/bilte-co/toolshed/internal/cli/aes.go:65.2,71.21 4 0
github.com/bilte-co/toolshed/internal/cli/aes.go:71.21,75.3 3 0
github.com/bilte-co/toolshed/internal/cli/aes.go:75.8,78.120 2 0
github.com/bilte-co/toolshed/internal/cli/aes.go:78.120,80.4 1 0
github.com/bilte-co/toolshed/internal/cli/aes.go:82.3,83.17 2 0
github.com/bilte-co/toolshed/internal/cli/aes.go:83.17,86.4 2 0
github.com/bilte-co/toolshed/internal/cli/aes.go:87.3,90.24 3 0
github.com/bilte-co/toolshed/internal/cli/aes.go:94.2,95.41 2 0
github.com/bilte-co/toolshed/internal/cli/aes.go:95.41,100.3 4 0
github.com/bilte-co/toolshed/internal/cli/aes.go:103.2,104.16 2 0
github.com/bilte-co/toolshed/internal/cli/aes.go:104.16,107.3 2 0
github.com/bilte-co/toolshed/internal/cli/aes.go:110.2,111.16 2 0
github.com/bilte-co/toolshed/internal/cli/aes.go:111.16,114.3 2 0
github.com/bilte-co/toolshed/internal/cli/aes.go:116.2,116.14 1 0
github.com/bilte-co/toolshed/internal/cli/aes.go:116.14,118.3 1 0
github.com/bilte-co/toolshed/internal/cli/aes.go:121.2,121.22 1 0
github.com/bilte-co/toolshed/internal/cli/aes.go:121.22,123.3 1 0
github.com/bilte-co/toolshed/internal/cli/aes.go:123.8,127.17 3 0
github.com/bilte-co/toolshed/internal/cli/aes.go:127.17,130.4 2 0
github.com/bilte-co/toolshed/internal/cli/aes.go:131.3,131.93 1 0
github.com/bilte-co/toolshed/internal/cli/aes.go:134.2,134.12 1 0
github.com/bilte-co/toolshed/internal/cli/aes.go:137.49,138.19 1 0
github.com/bilte-co/toolshed/internal/cli/aes.go:138.19,140.3 1 0
github.com/bilte-co/toolshed/internal/cli/aes.go:143.2,143.50 1 0
github.com/bilte-co/toolshed/internal/cli/aes.go:143.50,145.3 1 0
github.com/bilte-co/toolshed/internal/cli/aes.go:147.2,147.98 1 0
github.com/bilte-co/toolshed/internal/cli/aes.go:157.51,160.16 2 0
github.com/bilte-co/toolshed/internal/cli/aes.go:160.16,163.3 2 0
github.com/bilte-co/toolshed/internal/cli/aes.go:165.2,171.21 4 0
github.com/bilte-co/toolshed/internal/cli/aes.go:171.21,175.3 3 0
github.com/bilte-co/toolshed/internal/cli/aes.go:175.8,178.120 2 0
github.com/bilte-co/toolshed/internal/cli/aes.go:178.120,180.4 1 0
github.com/bilte-co/toolshed/internal/cli/aes.go:182.3,183.17 2 0
github.com/bilte-co/toolshed/internal/cli/aes.go:183.17,186.4 2 0
github.com/bilte-co/toolshed/internal/cli/aes.go:187.3,190.24 3 0
github.com/bilte-co/toolshed/internal/cli/aes.go:194.2,195.41 2 0
github.com/bilte-co/toolshed/internal/cli/aes.go:195.41,200.3 4 0
github.com/bilte-co/toolshed/internal/cli/aes.go:203.2,204.21 2 0
github.com/bilte-co/toolshed/internal/cli/aes.go:204.21,207.17 2 0
github.com/bilte-co/toolshed/internal/cli/aes.go:207.17,210.4 2 0
github.com/bilte-co/toolshed/internal/cli/aes.go:211.3,211.47 1 0
github.com/bilte-co/toolshed/internal/cli/aes.go:212.8,215.21 2 0
github.com/bilte-co/toolshed/internal/cli/aes.go:215.21,217.4 1 0
github.com/bilte-co/toolshed/internal/cli/aes.go:218.3,218.39 1 0
github.com/bilte-co/toolshed/internal/cli/aes.go:218.39,221.4 2 0
github.com/bilte-co/toolshed/internal/cli/aes.go:224.2,224.22 1 0
github.com/bilte-co/toolshed/internal/cli/aes.go:224.22,228.3 3 0
github.com/bilte-co/toolshed/internal/cli/aes.go:231.2,232.16 2 0
github.com/bilte-co/toolshed/internal/cli/aes.go:232.16,235.3 2 0
github.com/bilte-co/toolshed/internal/cli/aes.go:237.2,237.14 1 0
github.com/bilte-co/toolshed/internal/cli/aes.go:237.14,239.3 1 0
github.com/bilte-co/toolshed/internal/cli/aes.go:242.2,242.22 1 0
github.com/bilte-co/toolshed/internal/cli/aes.go:242.22,244.3 1 0
github.com/bilte-co/toolshed/internal/cli/aes.go:244.8,248.17 3 0
github.com/bilte-co/toolshed/internal/cli/aes.go:248.17,251.4 2 0
github.com/bilte-co/toolshed/internal/cli/aes.go:252.3,252.93 1 0
github.com/bilte-co/toolshed/internal/cli/aes.go:255.2,255.12 1 0
github.com/bilte-co/toolshed/internal/cli/aes.go:258.49,259.19 1 0
github.com/bilte-co/toolshed/internal/cli/aes.go:259.19,261.3 1 0
github.com/bilte-co/toolshed/internal/cli/aes.go:264.2,264.50 1 0
github.com/bilte-co/toolshed/internal/cli/aes.go:264.50,266.3 1 0
github.com/bilte-co/toolshed/internal/cli/aes.go:268.2,268.98 1 0
github.com/bilte-co/toolshed/internal/cli/haiku.go:19.57,28.35 5 1
github.com/bilte-co/toolshed/internal/cli/haiku.go:28.35,30.3 1 1
github.com/bilte-co/toolshed/internal/cli/haiku.go:30.8,32.3 1 1
github.com/bilte-co/toolshed/internal/cli/haiku.go:34.2,34.16 1 1
github.com/bilte-co/toolshed/internal/cli/haiku.go:34.16,37.3 2 1
github.com/bilte-co/toolshed/internal/cli/haiku.go:39.2,41.12 3 1
github.com/bilte-co/toolshed/internal/cli/hash.go:34.54,43.16 4 0
github.com/bilte-co/toolshed/internal/cli/hash.go:43.16,46.3 2 0
github.com/bilte-co/toolshed/internal/cli/hash.go:48.2,50.12 3 0
github.com/bilte-co/toolshed/internal/cli/hash.go:61.52,65.21 2 0
github.com/bilte-co/toolshed/internal/cli/hash.go:65.21,67.3 1 0
github.com/bilte-co/toolshed/internal/cli/hash.go:70.2,71.119 2 0
github.com/bilte-co/toolshed/internal/cli/hash.go:71.119,73.3 1 0
github.com/bilte-co/toolshed/internal/cli/hash.go:76.2,87.16 7 0
github.com/bilte-co/toolshed/internal/cli/hash.go:87.16,90.3 2 0
github.com/bilte-co/toolshed/internal/cli/hash.go:92.2,95.12 4 0
github.com/bilte-co/toolshed/internal/cli/hash.go:98.58,107.16 4 0
github.com/bilte-co/toolshed/internal/cli/hash.go:107.16,110.3 2 0
github.com/bilte-co/toolshed/internal/cli/hash.go:112.2,114.12 3 0
github.com/bilte-co/toolshed/internal/cli/hash.go:126.51,144.16 9 0
github.com/bilte-co/toolshed/internal/cli/hash.go:144.16,147.3 2 0
github.com/bilte-co/toolshed/internal/cli/hash.go:149.2,152.12 4 0
github.com/bilte-co/toolshed/internal/cli/hash.go:164.48,173.16 4 0
github.com/bilte-co/toolshed/internal/cli/hash.go:173.16,176.3 2 0
github.com/bilte-co/toolshed/internal/cli/hash.go:178.2,180.12 3 0
github.com/bilte-co/toolshed/internal/cli/hash.go:190.52,205.16 9 0
github.com/bilte-co/toolshed/internal/cli/hash.go:205.16,208.3 2 0
github.com/bilte-co/toolshed/internal/cli/hash.go:210.2,212.12 3 0
github.com/bilte-co/toolshed/internal/cli/hash.go:221.51,226.16 3 0
github.com/bilte-co/toolshed/internal/cli/hash.go:226.16,229.3 2 0
github.com/bilte-co/toolshed/internal/cli/hash.go:231.2,232.16 2 0
github.com/bilte-co/toolshed/internal/cli/hash.go:232.16,235.3 2 0
github.com/bilte-co/toolshed/internal/cli/hash.go:237.2,239.11 2 0
github.com/bilte-co/toolshed/internal/cli/hash.go:239.11,242.3 2 0
github.com/bilte-co/toolshed/internal/cli/hash.go:242.8,245.3 2 0
github.com/bilte-co/toolshed/internal/cli/hash.go:247.2,247.12 1 0
github.com/bilte-co/toolshed/internal/cli/password.go:28.57,33.39 3 0
github.com/bilte-co/toolshed/internal/cli/password.go:33.39,36.17 3 0
github.com/bilte-co/toolshed/internal/cli/password.go:36.17,39.4 2 0
github.com/bilte-co/toolshed/internal/cli/password.go:40.8,42.3 1 0
github.com/bilte-co/toolshed/internal/cli/password.go:45.2,45.24 1 0
github.com/bilte-co/toolshed/internal/cli/password.go:45.24,48.3 2 0
github.com/bilte-co/toolshed/internal/cli/password.go:50.2,56.21 4 0
github.com/bilte-co/toolshed/internal/cli/password.go:56.21,59.3 2 0
github.com/bilte-co/toolshed/internal/cli/password.go:59.8,62.3 2 0
github.com/bilte-co/toolshed/internal/cli/password.go:65.2,65.11 1 0
github.com/bilte-co/toolshed/internal/cli/password.go:65.11,70.22 3 0
github.com/bilte-co/toolshed/internal/cli/password.go:70.22,72.4 1 0
github.com/bilte-co/toolshed/internal/cli/password.go:72.9,74.4 1 0
github.com/bilte-co/toolshed/internal/cli/password.go:75.3,75.13 1 0
github.com/bilte-co/toolshed/internal/cli/password.go:79.2,84.21 4 0
github.com/bilte-co/toolshed/internal/cli/password.go:84.21,86.3 1 0
github.com/bilte-co/toolshed/internal/cli/password.go:86.8,88.3 1 0
github.com/bilte-co/toolshed/internal/cli/password.go:91.2,92.12 2 0
github.com/bilte-co/toolshed/internal/cli/password.go:97.70,100.16 2 0
github.com/bilte-co/toolshed/internal/cli/password.go:100.16,102.3 1 0
github.com/bilte-co/toolshed/internal/cli/password.go:105.2,105.44 1 0
github.com/bilte-co/toolshed/internal/cli/password.go:105.44,107.3 1 0
github.com/bilte-co/toolshed/internal/cli/password.go:110.2,111.31 2 0
github.com/bilte-co/toolshed/internal/cli/password.go:115.61,117.16 2 0
github.com/bilte-co/toolshed/internal/cli/password.go:117.16,119.3 1 0
github.com/bilte-co/toolshed/internal/cli/password.go:122.2,123.20 2 0
github.com/bilte-co/toolshed/internal/cli/password.go:123.20,125.3 1 0
github.com/bilte-co/toolshed/internal/cli/password.go:127.2,127.22 1 0
github.com/bilte-co/toolshed/internal/cli/password.go:131.65,133.21 2 0
github.com/bilte-co/toolshed/internal/cli/password.go:133.21,134.39 1 0
github.com/bilte-co/toolshed/internal/cli/password.go:134.39,136.4 1 0
github.com/bilte-co/toolshed/internal/cli/password.go:137.3,137.45 1 0
github.com/bilte-co/toolshed/internal/cli/password.go:140.2,141.20 2 0
github.com/bilte-co/toolshed/internal/cli/password.go:141.20,143.3 1 0
github.com/bilte-co/toolshed/internal/cli/password.go:145.2,145.22 1 0
github.com/bilte-co/toolshed/internal/cli/password.go:149.47,151.21 1 0
github.com/bilte-co/toolshed/internal/cli/password.go:151.21,153.3 1 0
github.com/bilte-co/toolshed/internal/cli/password.go:156.2,156.23 1 0
github.com/bilte-co/toolshed/internal/cli/password.go:156.23,158.3 1 0
github.com/bilte-co/toolshed/internal/cli/password.go:160.2,160.12 1 0
github.com/bilte-co/toolshed/internal/cli/serve.go:22.49,24.19 1 0
github.com/bilte-co/toolshed/internal/cli/serve.go:24.19,27.17 3 0
github.com/bilte-co/toolshed/internal/cli/serve.go:27.17,30.4 2 0
github.com/bilte-co/toolshed/internal/cli/serve.go:34.2,38.16 3 0
github.com/bilte-co/toolshed/internal/cli/serve.go:38.16,41.3 2 0
github.com/bilte-co/toolshed/internal/cli/serve.go:42.2,42.19 1 0
github.com/bilte-co/toolshed/internal/cli/serve.go:42.19,45.3 2 0
github.com/bilte-co/toolshed/internal/cli/serve.go:48.2,49.16 2 0
github.com/bilte-co/toolshed/internal/cli/serve.go:49.16,52.3 2 0
github.com/bilte-co/toolshed/internal/cli/serve.go:55.2,86.32 11 0
github.com/bilte-co/toolshed/internal/cli/serve.go:90.45,91.19 1 0
github.com/bilte-co/toolshed/internal/cli/serve.go:91.19,93.58 1 0
github.com/bilte-co/toolshed/internal/cli/serve.go:93.58,95.4 1 0
github.com/bilte-co/toolshed/internal/cli/serve.go:96.3,96.23 1 0
github.com/bilte-co/toolshed/internal/cli/serve.go:100.2,104.24 4 0
github.com/bilte-co/toolshed/internal/cli/serve.go:104.24,107.17 2 0
github.com/bilte-co/toolshed/internal/cli/serve.go:107.17,109.4 1 0
github.com/bilte-co/toolshed/internal/cli/serve.go:111.3,112.17 2 0
github.com/bilte-co/toolshed/internal/cli/serve.go:112.17,114.4 1 0
github.com/bilte-co/toolshed/internal/cli/serve.go:116.3,118.59 2 0
github.com/bilte-co/toolshed/internal/cli/serve.go:118.59,120.4 1 0
github.com/bilte-co/toolshed/internal/cli/serve.go:123.2,123.119 1 0
github.com/bilte-co/toolshed/internal/cli/serve.go:127.57,130.16 3 0
github.com/bilte-co/toolshed/internal/cli/serve.go:130.16,132.3 1 0
github.com/bilte-co/toolshed/internal/cli/serve.go:133.2,134.12 2 0
github.com/bilte-co/toolshed/internal/cli/serve.go:142.67,147.34 2 0
github.com/bilte-co/toolshed/internal/cli/serve.go:147.34,149.3 1 0
github.com/bilte-co/toolshed/internal/cli/serve.go:151.2,151.26 1 0
github.com/bilte-co/toolshed/internal/cli/serve.go:160.77,182.2 5 0
github.com/bilte-co/toolshed/internal/cli/serve.go:190.51,193.2 2 0
github.com/bilte-co/toolshed/internal/cli/serve.go:195.58,197.2 1 0
github.com/bilte-co/toolshed/internal/cli/ulid.go:25.54,32.25 4 0
github.com/bilte-co/toolshed/internal/cli/ulid.go:32.25,35.17 2 0
github.com/bilte-co/toolshed/internal/cli/ulid.go:35.17,38.4 2 0
github.com/bilte-co/toolshed/internal/cli/ulid.go:39.8,42.3 1 0
github.com/bilte-co/toolshed/internal/cli/ulid.go:45.2,45.22 1 0
github.com/bilte-co/toolshed/internal/cli/ulid.go:45.22,46.50 1 0
github.com/bilte-co/toolshed/internal/cli/ulid.go:46.50,49.4 2 0
github.com/bilte-co/toolshed/internal/cli/ulid.go:50.3,50.27 1 0
github.com/bilte-co/toolshed/internal/cli/ulid.go:50.27,53.4 2 0
github.com/bilte-co/toolshed/internal/cli/ulid.go:57.2,58.16 2 0
github.com/bilte-co/toolshed/internal/cli/ulid.go:58.16,61.3 2 0
github.com/bilte-co/toolshed/internal/cli/ulid.go:63.2,65.12 3 0
github.com/bilte-co/toolshed/internal/cli/ulid.go:75.57,80.21 3 0
github.com/bilte-co/toolshed/internal/cli/ulid.go:80.21,82.17 2 0
github.com/bilte-co/toolshed/internal/cli/ulid.go:82.17,85.4 2 0
github.com/bilte-co/toolshed/internal/cli/ulid.go:86.3,86.42 1 0
github.com/bilte-co/toolshed/internal/cli/ulid.go:87.8,89.3 1 0
github.com/bilte-co/toolshed/internal/cli/ulid.go:92.2,92.17 1 0
github.com/bilte-co/toolshed/internal/cli/ulid.go:92.17,95.3 2 0
github.com/bilte-co/toolshed/internal/cli/ulid.go:98.2,99.16 2 0
github.com/bilte-co/toolshed/internal/cli/ulid.go:99.16,102.3 2 0
github.com/bilte-co/toolshed/internal/cli/ulid.go:105.2,106.37 2 0
github.com/bilte-co/toolshed/internal/cli/ulid.go:107.17,108.42 1 0
github.com/bilte-co/toolshed/internal/cli/ulid.go:109.14,110.47 1 0
github.com/bilte-co/toolshed/internal/cli/ulid.go:111.19,112.52 1 0
github.com/bilte-co/toolshed/internal/cli/ulid.go:113.10,115.93 2 0
github.com/bilte-co/toolshed/internal/cli/ulid.go:118.2,120.12 3 0
github.com/bilte-co/toolshed/internal/cli/ulid.go:124.34,126.16 2 0
github.com/bilte-co/toolshed/internal/cli/ulid.go:126.16,128.3 1 0
github.com/bilte-co/toolshed/internal/cli/ulid.go:131.2,131.44 1 0
github.com/bilte-co/toolshed/internal/cli/ulid.go:131.44,133.3 1 0
github.com/bilte-co/toolshed/internal/cli/ulid.go:136.2,138.6 3 0
github.com/bilte-co/toolshed/internal/cli/ulid.go:138.6,140.12 2 0
github.com/bilte-co/toolshed/internal/cli/ulid.go:140.12,142.4 1 0
github.com/bilte-co/toolshed/internal/cli/ulid.go:143.3,143.17 1 0
github.com/bilte-co/toolshed/internal/cli/ulid.go:143.17,144.28 1 0
github.com/bilte-co/toolshed/internal/cli/ulid.go:144.28,145.10 1 0
github.com/bilte-co/toolshed/internal/cli/ulid.go:147.4,147.19 1 0
github.com/bilte-co/toolshed/internal/cli/ulid.go:151.2,151.18 1 0
